<?xml version="1.0" encoding="UTF-8"?>
<!-- Generated by org.testng.reporters.JUnitXMLReporter -->
<testsuite ignored="1" hostname="DESKTOP-PQ5OTNM" failures="0" tests="1" name="Default test" time="11.693" errors="0" timestamp="21 Sep. 2021 01:53:46 GMT">
  <testcase classname="Pack1.AlertAndFrameTest" name="handleIFrame" time="4.716"/>
  <testcase classname="Pack1.AlertAndFrameTest" name="handleAlerts" time="0.0">
    <ignored/>
  </testcase> <!-- handleAlerts -->
</testsuite> <!-- Default test -->
