<?xml version="1.0" encoding="UTF-8"?>
<testng-results ignored="1" total="2" passed="1" failed="0" skipped="0">
  <reporter-output>
  </reporter-output>
  <suite started-at="2021-09-21T01:53:34Z" name="Default suite" finished-at="2021-09-21T01:53:46Z" duration-ms="11693">
    <groups>
    </groups>
    <test started-at="2021-09-21T01:53:34Z" name="Default test" finished-at="2021-09-21T01:53:46Z" duration-ms="11693">
      <class name="Pack1.AlertAndFrameTest">
        <test-method is-config="true" signature="setup()[pri:0, instance:Pack1.AlertAndFrameTest@2931522b]" started-at="2021-09-21T01:53:34Z" name="setup" finished-at="2021-09-21T01:53:38Z" duration-ms="3893" status="PASS">
          <reporter-output>
          </reporter-output>
        </test-method> <!-- setup -->
        <test-method signature="handleIFrame()[pri:0, instance:Pack1.AlertAndFrameTest@2931522b]" started-at="2021-09-21T01:53:38Z" name="handleIFrame" finished-at="2021-09-21T01:53:43Z" duration-ms="4716" status="PASS">
          <reporter-output>
          </reporter-output>
        </test-method> <!-- handleIFrame -->
        <test-method is-config="true" signature="teardown()[pri:0, instance:Pack1.AlertAndFrameTest@2931522b]" started-at="2021-09-21T01:53:43Z" name="teardown" finished-at="2021-09-21T01:53:46Z" duration-ms="3007" status="PASS">
          <reporter-output>
          </reporter-output>
        </test-method> <!-- teardown -->
      </class> <!-- Pack1.AlertAndFrameTest -->
    </test> <!-- Default test -->
  </suite> <!-- Default suite -->
</testng-results>
